<?xml version="1.0" encoding="UTF-8"?>
<!-- Generated by org.testng.reporters.JUnitXMLReporter -->
<testsuite hostname="LAPTOP-A5GJABUP" ignored="62" name="Surefire test" tests="12" failures="0" timestamp="25 Aug 2019 23:34:12 GMT" time="79.341" errors="0">
  <testcase name="tc_01_testLoginWithValidCredentials" time="1.437" classname="com.org.tests.LoginTest"/>
  <testcase name="tc_02_testLoginWithInValidCredentials" time="0.72" classname="com.org.tests.LoginTest"/>
  <testcase name="tc_02_testLoginWithInValidCredentials" time="1.056" classname="com.org.tests.LoginTest"/>
  <testcase name="tc_02_testLoginWithInValidCredentials" time="0.783" classname="com.org.tests.LoginTest"/>
  <testcase name="tc_02_testLoginWithInValidCredentials" time="0.586" classname="com.org.tests.LoginTest"/>
  <testcase name="tc_02_testLoginWithInValidCredentials" time="0.577" classname="com.org.tests.LoginTest"/>
  <testcase name="tc_02_testLoginWithInValidCredentials" time="0.564" classname="com.org.tests.LoginTest"/>
  <testcase name="tc_03_testForgotPasswordLink" time="0.81" classname="com.org.tests.LoginTest"/>
  <testcase name="tc_04_testRegistrationLink" time="0.717" classname="com.org.tests.LoginTest"/>
  <testcase name="tc_05_testLogout" time="1.345" classname="com.org.tests.LoginTest"/>
  <testcase name="tc_06_testHomeTab" time="1.694" classname="com.org.tests.LoginTest"/>
  <testcase name="tc_07_testLogoNavigation" time="1.453" classname="com.org.tests.LoginTest"/>
  <testcase name="tc_03_testSearchStaffByMultipleKeywords" time="0.0" classname="com.org.tests.SearchStaffTest">
    <ignored/>
  </testcase> <!-- tc_03_testSearchStaffByMultipleKeywords -->
  <testcase name="tc_11_testDeleteStaff" time="0.0" classname="com.org.tests.StaffTest">
    <ignored/>
  </testcase> <!-- tc_11_testDeleteStaff -->
  <testcase name="tc_05_testPasswordAndConfirmPassword" time="0.0" classname="com.org.tests.RegistrationPageTest">
    <ignored/>
  </testcase> <!-- tc_05_testPasswordAndConfirmPassword -->
  <testcase name="tc_01_testCreateNewBranch" time="0.0" classname="com.org.tests.StaffTest">
    <ignored/>
  </testcase> <!-- tc_01_testCreateNewBranch -->
  <testcase name="tc_01_testRegistrationPageHeader" time="0.0" classname="com.org.tests.RegistrationPageTest">
    <ignored/>
  </testcase> <!-- tc_01_testRegistrationPageHeader -->
  <testcase name="tc_02_testResetPasswordWithRegisteredEmail" time="0.0" classname="com.org.tests.ResetPasswordTest">
    <ignored/>
  </testcase> <!-- tc_02_testResetPasswordWithRegisteredEmail -->
  <testcase name="tc_04_testBranchDetailsByIdLink" time="0.0" classname="com.org.tests.BranchTest">
    <ignored/>
  </testcase> <!-- tc_04_testBranchDetailsByIdLink -->
  <testcase name="tc_04_testCreateNewStaffAndCancel" time="0.0" classname="com.org.tests.StaffTest">
    <ignored/>
  </testcase> <!-- tc_04_testCreateNewStaffAndCancel -->
  <testcase name="tc_02_testCreateNewBranch" time="0.0" classname="com.org.tests.BranchTest">
    <ignored/>
  </testcase> <!-- tc_02_testCreateNewBranch -->
  <testcase name="tc_03_testRegistrationLink" time="0.0" classname="com.org.tests.WelcomeTest">
    <ignored/>
  </testcase> <!-- tc_03_testRegistrationLink -->
  <testcase name="tc_02_testInvalidateSession" time="0.0" classname="com.org.tests.SessionsTest">
    <ignored/>
  </testcase> <!-- tc_02_testInvalidateSession -->
  <testcase name="tc_04_testEmailFieldValidations" time="0.0" classname="com.org.tests.ResetPasswordTest">
    <ignored/>
  </testcase> <!-- tc_04_testEmailFieldValidations -->
  <testcase name="tc_05_testStaffDetailsByIdLink" time="0.0" classname="com.org.tests.StaffTest">
    <ignored/>
  </testcase> <!-- tc_05_testStaffDetailsByIdLink -->
  <testcase name="tc_03_testUpdatePasswordFieldValidation" time="0.0" classname="com.org.tests.UpdatePasswordTest">
    <ignored/>
  </testcase> <!-- tc_03_testUpdatePasswordFieldValidation -->
  <testcase name="tc_01_testCreateBranchAndMultipleSatffs" time="0.0" classname="com.org.tests.SearchStaffTest">
    <ignored/>
  </testcase> <!-- tc_01_testCreateBranchAndMultipleSatffs -->
  <testcase name="tc_10_testDeleteBranch" time="0.0" classname="com.org.tests.BranchTest">
    <ignored/>
  </testcase> <!-- tc_10_testDeleteBranch -->
  <testcase name="tc_04_testSearchStaffById" time="0.0" classname="com.org.tests.SearchStaffTest">
    <ignored/>
  </testcase> <!-- tc_04_testSearchStaffById -->
  <testcase name="tc_01_testWelcomePage" time="0.0" classname="com.org.tests.WelcomeTest">
    <ignored/>
  </testcase> <!-- tc_01_testWelcomePage -->
  <testcase name="tc_03_testRegistrationFieldValidation" time="0.0" classname="com.org.tests.RegistrationPageTest">
    <ignored/>
  </testcase> <!-- tc_03_testRegistrationFieldValidation -->
  <testcase name="tc_05_testRequiredEmailValidation" time="0.0" classname="com.org.tests.ResetPasswordTest">
    <ignored/>
  </testcase> <!-- tc_05_testRequiredEmailValidation -->
  <testcase name="tc_04_testSearchBranchById" time="0.0" classname="com.org.tests.SearchBranchTest">
    <ignored/>
  </testcase> <!-- tc_04_testSearchBranchById -->
  <testcase name="tc_05_testSearchStaffShouldNotContain" time="0.0" classname="com.org.tests.SearchStaffTest">
    <ignored/>
  </testcase> <!-- tc_05_testSearchStaffShouldNotContain -->
  <testcase name="tc_06_testStaffDetailsByView" time="0.0" classname="com.org.tests.StaffTest">
    <ignored/>
  </testcase> <!-- tc_06_testStaffDetailsByView -->
  <testcase name="tc_05_testBranchDetailsByView" time="0.0" classname="com.org.tests.BranchTest">
    <ignored/>
  </testcase> <!-- tc_05_testBranchDetailsByView -->
  <testcase name="tc_02_testSearchStaff" time="0.0" classname="com.org.tests.SearchStaffTest">
    <ignored/>
  </testcase> <!-- tc_02_testSearchStaff -->
  <testcase name="tc_09_testEditStaffDetails" time="0.0" classname="com.org.tests.StaffTest">
    <ignored/>
  </testcase> <!-- tc_09_testEditStaffDetails -->
  <testcase name="tc_01_testUpdatedBranchNameOnStaff" time="0.0" classname="com.org.tests.MiscellaneousScenariosTest">
    <ignored/>
  </testcase> <!-- tc_01_testUpdatedBranchNameOnStaff -->
  <testcase name="tc_01_testResetPasswordPageHeading" time="0.0" classname="com.org.tests.ResetPasswordTest">
    <ignored/>
  </testcase> <!-- tc_01_testResetPasswordPageHeading -->
  <testcase name="tc_01_testCreateMultipleBranches" time="0.0" classname="com.org.tests.SearchBranchTest">
    <ignored/>
  </testcase> <!-- tc_01_testCreateMultipleBranches -->
  <testcase name="tc_10_testDeleteStaffAndCancel" time="0.0" classname="com.org.tests.StaffTest">
    <ignored/>
  </testcase> <!-- tc_10_testDeleteStaffAndCancel -->
  <testcase name="tc_07_testDetailsOnEditStaff" time="0.0" classname="com.org.tests.StaffTest">
    <ignored/>
  </testcase> <!-- tc_07_testDetailsOnEditStaff -->
  <testcase name="tc_06_testDetailsOnEditBranch" time="0.0" classname="com.org.tests.BranchTest">
    <ignored/>
  </testcase> <!-- tc_06_testDetailsOnEditBranch -->
  <testcase name="tc_05_testSearchBranchShouldNotContain" time="0.0" classname="com.org.tests.SearchBranchTest">
    <ignored/>
  </testcase> <!-- tc_05_testSearchBranchShouldNotContain -->
  <testcase name="tc_01_testSessionsPageHeading" time="0.0" classname="com.org.tests.SessionsTest">
    <ignored/>
  </testcase> <!-- tc_01_testSessionsPageHeading -->
  <testcase name="tc_01_testUpdatePasswordPageHeading" time="0.0" classname="com.org.tests.UpdatePasswordTest">
    <ignored/>
  </testcase> <!-- tc_01_testUpdatePasswordPageHeading -->
  <testcase name="tc_04_testAuthenticateMenuOption" time="0.0" classname="com.org.tests.WelcomeTest">
    <ignored/>
  </testcase> <!-- tc_04_testAuthenticateMenuOption -->
  <testcase name="tc_06_testSearchStaffNoResult" time="0.0" classname="com.org.tests.SearchStaffTest">
    <ignored/>
  </testcase> <!-- tc_06_testSearchStaffNoResult -->
  <testcase name="tc_03_testResetPasswordWithUnRegisteredEmail" time="0.0" classname="com.org.tests.ResetPasswordTest">
    <ignored/>
  </testcase> <!-- tc_03_testResetPasswordWithUnRegisteredEmail -->
  <testcase name="tc_03_testSearchBranchByMultipleKeywords" time="0.0" classname="com.org.tests.SearchBranchTest">
    <ignored/>
  </testcase> <!-- tc_03_testSearchBranchByMultipleKeywords -->
  <testcase name="tc_11_testNewBranchFormValidations" time="0.0" classname="com.org.tests.BranchTest">
    <ignored/>
  </testcase> <!-- tc_11_testNewBranchFormValidations -->
  <testcase name="tc_07_testEditBranchDetailsAndCancel" time="0.0" classname="com.org.tests.BranchTest">
    <ignored/>
  </testcase> <!-- tc_07_testEditBranchDetailsAndCancel -->
  <testcase name="tc_02_testRegistrationFunctionality" time="0.0" classname="com.org.tests.RegistrationPageTest">
    <ignored/>
  </testcase> <!-- tc_02_testRegistrationFunctionality -->
  <testcase name="tc_02_testSearchBranch" time="0.0" classname="com.org.tests.SearchBranchTest">
    <ignored/>
  </testcase> <!-- tc_02_testSearchBranch -->
  <testcase name="tc_06_testSearchBranchNoResult" time="0.0" classname="com.org.tests.SearchBranchTest">
    <ignored/>
  </testcase> <!-- tc_06_testSearchBranchNoResult -->
  <testcase name="tc_03_testCreateNewStaff" time="0.0" classname="com.org.tests.StaffTest">
    <ignored/>
  </testcase> <!-- tc_03_testCreateNewStaff -->
  <testcase name="tc_08_testEditStaffDetailsAndCancel" time="0.0" classname="com.org.tests.StaffTest">
    <ignored/>
  </testcase> <!-- tc_08_testEditStaffDetailsAndCancel -->
  <testcase name="tc_09_testDeleteBranchAndCancel" time="0.0" classname="com.org.tests.BranchTest">
    <ignored/>
  </testcase> <!-- tc_09_testDeleteBranchAndCancel -->
  <testcase name="tc_05_testRegisterMenuOption" time="0.0" classname="com.org.tests.WelcomeTest">
    <ignored/>
  </testcase> <!-- tc_05_testRegisterMenuOption -->
  <testcase name="tc_12_testNewStaffFormValidations" time="0.0" classname="com.org.tests.StaffTest">
    <ignored/>
  </testcase> <!-- tc_12_testNewStaffFormValidations -->
  <testcase name="tc_04_testRequiredFieldValidation" time="0.0" classname="com.org.tests.RegistrationPageTest">
    <ignored/>
  </testcase> <!-- tc_04_testRequiredFieldValidation -->
  <testcase name="tc_02_testUpdatePassword" time="0.0" classname="com.org.tests.UpdatePasswordTest">
    <ignored/>
  </testcase> <!-- tc_02_testUpdatePassword -->
  <testcase name="tc_04_testPasswordRequiredValidation" time="0.0" classname="com.org.tests.UpdatePasswordTest">
    <ignored/>
  </testcase> <!-- tc_04_testPasswordRequiredValidation -->
  <testcase name="tc_08_testEditBranchDetails" time="0.0" classname="com.org.tests.BranchTest">
    <ignored/>
  </testcase> <!-- tc_08_testEditBranchDetails -->
  <testcase name="tc_03_testCreateNewBranchAndCancel" time="0.0" classname="com.org.tests.BranchTest">
    <ignored/>
  </testcase> <!-- tc_03_testCreateNewBranchAndCancel -->
  <testcase name="tc_02_testUpdateSettings" time="0.0" classname="com.org.tests.SettingsTest">
    <ignored/>
  </testcase> <!-- tc_02_testUpdateSettings -->
  <testcase name="tc_02_testStaffPage" time="0.0" classname="com.org.tests.StaffTest">
    <ignored/>
  </testcase> <!-- tc_02_testStaffPage -->
  <testcase name="tc_03_testSettingsFieldValidation" time="0.0" classname="com.org.tests.SettingsTest">
    <ignored/>
  </testcase> <!-- tc_03_testSettingsFieldValidation -->
  <testcase name="tc_02_testLoginLink" time="0.0" classname="com.org.tests.WelcomeTest">
    <ignored/>
  </testcase> <!-- tc_02_testLoginLink -->
  <testcase name="tc_02_testDeleteBranchAssociatedWithStaff" time="0.0" classname="com.org.tests.MiscellaneousScenariosTest">
    <ignored/>
  </testcase> <!-- tc_02_testDeleteBranchAssociatedWithStaff -->
  <testcase name="tc_05_testPasswordAndConfirmPasswordMatch" time="0.0" classname="com.org.tests.UpdatePasswordTest">
    <ignored/>
  </testcase> <!-- tc_05_testPasswordAndConfirmPasswordMatch -->
  <testcase name="tc_01_testBranchPage" time="0.0" classname="com.org.tests.BranchTest">
    <ignored/>
  </testcase> <!-- tc_01_testBranchPage -->
  <testcase name="tc_01_testSettingsPageHeading" time="0.0" classname="com.org.tests.SettingsTest">
    <ignored/>
  </testcase> <!-- tc_01_testSettingsPageHeading -->
</testsuite> <!-- Surefire test -->
