<?xml version="1.0" encoding="UTF-8"?>
<!-- Generated by org.testng.reporters.JUnitXMLReporter -->
<testsuite hostname="LAPTOP-A5GJABUP" ignored="0" name="Default test" tests="3" failures="0" timestamp="2019-09-26T10:40:19 CEST" time="10.426" errors="0">
  <testcase name="searchAndSelectProduct" time="0.011" classname="suite1.Flipkart"/>
  <testcase name="searchAndSelectProduct1" time="0.01" classname="suite1.Flipkart"/>
  <testcase name="searchAndSelectProduct2" time="0.007" classname="suite1.Flipkart"/>
</testsuite> <!-- Default test -->
