<?xml version="1.0" encoding="UTF-8"?>
<testng-results skipped="0" failed="0" ignored="0" total="1" passed="1">
  <reporter-output>
  </reporter-output>
  <suite name="Default suite" duration-ms="87" started-at="2019-10-12T17:52:34Z" finished-at="2019-10-12T17:52:34Z">
    <groups>
    </groups>
    <test name="Default test" duration-ms="87" started-at="2019-10-12T17:52:34Z" finished-at="2019-10-12T17:52:34Z">
      <class name="suite2.SnapDeal">
        <test-method status="PASS" signature="SnapDealTest()[pri:0, instance:suite2.SnapDeal@cb644e]" name="SnapDealTest" duration-ms="31" started-at="2019-10-12T17:52:34Z" finished-at="2019-10-12T17:52:34Z">
          <reporter-output>
          </reporter-output>
        </test-method> <!-- SnapDealTest -->
      </class> <!-- suite2.SnapDeal -->
    </test> <!-- Default test -->
  </suite> <!-- Default suite -->
</testng-results>
