<?xml version="1.0" encoding="UTF-8"?>
<!-- Generated by org.testng.reporters.JUnitXMLReporter -->
<testsuite hostname="LAPTOP-A5GJABUP" ignored="0" name="chrometests" tests="3" failures="0" timestamp="2019-09-29T23:52:08 CEST" time="14.324" errors="0">
  <testcase name="searchAndSelectProduct" time="0.319" classname="suite1.Flipkart"/>
  <testcase name="searchAndSelectProduct1" time="0.003" classname="suite1.Flipkart"/>
  <testcase name="searchAndSelectProduct2" time="0.002" classname="suite1.Flipkart"/>
</testsuite> <!-- chrometests -->
