<?xml version="1.0" encoding="UTF-8"?>
<!-- Generated by org.testng.reporters.JUnitXMLReporter -->
<testsuite hostname="LAPTOP-A5GJABUP" ignored="0" name="firefoxtests" tests="3" failures="0" timestamp="2019-09-29T23:52:05 CEST" time="10.622" errors="0">
  <testcase name="searchAndSelectProduct" time="0.555" classname="suite1.Flipkart"/>
  <testcase name="searchAndSelectProduct1" time="0.007" classname="suite1.Flipkart"/>
  <testcase name="searchAndSelectProduct2" time="0.003" classname="suite1.Flipkart"/>
</testsuite> <!-- firefoxtests -->
