<?xml version="1.0" encoding="UTF-8"?>
<!-- Generated by org.testng.reporters.JUnitXMLReporter -->
<testsuite hostname="LAPTOP-A5GJABUP" ignored="0" name="Flipkart" tests="4" failures="1" timestamp="2019-09-29T21:08:29 CEST" time="5.798" errors="0">
  <testcase name="JobApplication" time="0.007" classname="suite2.SnapDeal">
    <failure type="java.lang.NullPointerException">
      <![CDATA[java.lang.NullPointerException
at suite2.SnapDeal.JobApplication(SnapDeal.java:98)
at java.util.ArrayList.forEach(ArrayList.java:1257)
at java.util.concurrent.FutureTask.run(FutureTask.java:266)
at java.util.concurrent.ThreadPoolExecutor.runWorker(ThreadPoolExecutor.java:1149)
at java.util.concurrent.ThreadPoolExecutor$Worker.run(ThreadPoolExecutor.java:624)
at java.lang.Thread.run(Thread.java:748)
... Removed 18 stack frames]]>
    </failure>
  </testcase> <!-- JobApplication -->
  <testcase name="searchAndSelectProduct" time="0.002" classname="suite1.Flipkart"/>
  <testcase name="searchAndSelectProduct1" time="0.007" classname="suite1.Flipkart"/>
  <testcase name="searchAndSelectProduct2" time="0.008" classname="suite1.Flipkart"/>
</testsuite> <!-- Flipkart -->
