<?xml version="1.0" encoding="UTF-8"?>
<!-- Generated by org.testng.reporters.JUnitXMLReporter -->
<testsuite hostname="LAPTOP-A5GJABUP" ignored="0" name="Flipkart" tests="3" failures="0" timestamp="2019-09-26T10:44:14 CEST" time="17.214" errors="0">
  <testcase name="searchAndSelectProduct" time="0.009" classname="suite1.Flipkart"/>
  <testcase name="searchAndSelectProduct1" time="0.01" classname="suite1.Flipkart"/>
  <testcase name="searchAndSelectProduct2" time="0.005" classname="suite1.Flipkart"/>
</testsuite> <!-- Flipkart -->
