<?xml version="1.0" encoding="UTF-8"?>
<testng-results skipped="0" failed="1" ignored="0" total="1" passed="0">
  <reporter-output>
  </reporter-output>
  <suite name="Default suite" duration-ms="4336" started-at="2019-12-14T23:17:17Z" finished-at="2019-12-14T23:17:21Z">
    <groups>
    </groups>
    <test name="Default test" duration-ms="4336" started-at="2019-12-14T23:17:17Z" finished-at="2019-12-14T23:17:21Z">
      <class name="RegressionTestPackage.RegComponent1.GenerateVETBuzRuleXML">
        <test-method status="FAIL" signature="VETBizRule()[pri:0, instance:RegressionTestPackage.RegComponent1.GenerateVETBuzRuleXML@87f383f]" name="VETBizRule" duration-ms="4300" started-at="2019-12-14T23:17:17Z" finished-at="2019-12-14T23:17:21Z">
          <exception class="java.lang.StringIndexOutOfBoundsException">
            <message>
              <![CDATA[String index out of range: -1]]>
            </message>
            <full-stacktrace>
              <![CDATA[java.lang.StringIndexOutOfBoundsException: String index out of range: -1
at java.lang.String.substring(String.java:1960)
at RegressionTestPackage.RegComponent1.GenerateVETBuzRuleXML.ApplyTagValueChangesInBizRuleFile(GenerateVETBuzRuleXML.java:132)
at RegressionTestPackage.RegComponent1.GenerateVETBuzRuleXML.ModifyXMLContentRecordWise(GenerateVETBuzRuleXML.java:121)
at RegressionTestPackage.RegComponent1.GenerateVETBuzRuleXML.CreateNewBizRuleFileXMLContent(GenerateVETBuzRuleXML.java:103)
at RegressionTestPackage.RegComponent1.GenerateVETBuzRuleXML.CreateBizRuleMessageFiles(GenerateVETBuzRuleXML.java:66)
at RegressionTestPackage.RegComponent1.GenerateVETBuzRuleXML.VETBizRule(GenerateVETBuzRuleXML.java:27)
at sun.reflect.NativeMethodAccessorImpl.invoke0(Native Method)
at sun.reflect.NativeMethodAccessorImpl.invoke(NativeMethodAccessorImpl.java:62)
at sun.reflect.DelegatingMethodAccessorImpl.invoke(DelegatingMethodAccessorImpl.java:43)
at java.lang.reflect.Method.invoke(Method.java:498)
at org.testng.internal.MethodInvocationHelper.invokeMethod(MethodInvocationHelper.java:124)
at org.testng.internal.Invoker.invokeMethod(Invoker.java:583)
at org.testng.internal.Invoker.invokeTestMethod(Invoker.java:719)
at org.testng.internal.Invoker.invokeTestMethods(Invoker.java:989)
at org.testng.internal.TestMethodWorker.invokeTestMethods(TestMethodWorker.java:125)
at org.testng.internal.TestMethodWorker.run(TestMethodWorker.java:109)
at org.testng.TestRunner.privateRun(TestRunner.java:648)
at org.testng.TestRunner.run(TestRunner.java:505)
at org.testng.SuiteRunner.runTest(SuiteRunner.java:455)
at org.testng.SuiteRunner.runSequentially(SuiteRunner.java:450)
at org.testng.SuiteRunner.privateRun(SuiteRunner.java:415)
at org.testng.SuiteRunner.run(SuiteRunner.java:364)
at org.testng.SuiteRunnerWorker.runSuite(SuiteRunnerWorker.java:52)
at org.testng.SuiteRunnerWorker.run(SuiteRunnerWorker.java:84)
at org.testng.TestNG.runSuitesSequentially(TestNG.java:1208)
at org.testng.TestNG.runSuitesLocally(TestNG.java:1137)
at org.testng.TestNG.runSuites(TestNG.java:1049)
at org.testng.TestNG.run(TestNG.java:1017)
at org.testng.remote.AbstractRemoteTestNG.run(AbstractRemoteTestNG.java:115)
at org.testng.remote.RemoteTestNG.initAndRun(RemoteTestNG.java:251)
at org.testng.remote.RemoteTestNG.main(RemoteTestNG.java:77)
]]>
            </full-stacktrace>
          </exception> <!-- java.lang.StringIndexOutOfBoundsException -->
          <reporter-output>
          </reporter-output>
        </test-method> <!-- VETBizRule -->
      </class> <!-- RegressionTestPackage.RegComponent1.GenerateVETBuzRuleXML -->
    </test> <!-- Default test -->
  </suite> <!-- Default suite -->
</testng-results>
