<?xml version="1.0" encoding="UTF-8"?>
<testng-results skipped="0" failed="0" ignored="0" total="1" passed="1">
  <reporter-output>
  </reporter-output>
  <suite name="Default suite" duration-ms="5845" started-at="2019-09-11T23:16:41 CEST" finished-at="2019-09-11T23:16:47 CEST">
    <groups>
    </groups>
    <test name="Default test" duration-ms="5845" started-at="2019-09-11T23:16:41 CEST" finished-at="2019-09-11T23:16:47 CEST">
      <class name="MultipleTestSuites.MultipleTestSuites.AppTest">
        <test-method status="PASS" signature="session1()[pri:0, instance:MultipleTestSuites.MultipleTestSuites.AppTest@e320068]" name="session1" duration-ms="5794" started-at="2019-09-11T23:16:41 CEST" finished-at="2019-09-11T23:16:47 CEST">
          <reporter-output>
          </reporter-output>
        </test-method> <!-- session1 -->
      </class> <!-- MultipleTestSuites.MultipleTestSuites.AppTest -->
    </test> <!-- Default test -->
  </suite> <!-- Default suite -->
</testng-results>
