<?xml version="1.0" encoding="UTF-8"?>
<testng-results skipped="0" failed="0" ignored="0" total="1" passed="1">
  <reporter-output>
  </reporter-output>
  <suite name="Suite" duration-ms="7319" started-at="2019-09-29T11:05:13 CEST" finished-at="2019-09-29T11:05:20 CEST">
    <groups>
    </groups>
    <test name="Test" duration-ms="7319" started-at="2019-09-29T11:05:13 CEST" finished-at="2019-09-29T11:05:20 CEST">
      <class name="SeleniumGridTest.SeleniumGridTest.AppTest">
        <test-method status="PASS" signature="setUp()[pri:0, instance:SeleniumGridTest.SeleniumGridTest.AppTest@5606c0b]" name="setUp" is-config="true" duration-ms="4779" started-at="2019-09-29T11:05:13 CEST" finished-at="2019-09-29T11:05:17 CEST">
          <reporter-output>
          </reporter-output>
        </test-method> <!-- setUp -->
        <test-method status="PASS" signature="testApp()[pri:0, instance:SeleniumGridTest.SeleniumGridTest.AppTest@5606c0b]" name="testApp" duration-ms="2501" started-at="2019-09-29T11:05:17 CEST" finished-at="2019-09-29T11:05:20 CEST">
          <reporter-output>
          </reporter-output>
        </test-method> <!-- testApp -->
      </class> <!-- SeleniumGridTest.SeleniumGridTest.AppTest -->
    </test> <!-- Test -->
  </suite> <!-- Suite -->
</testng-results>
