<?xml version="1.0" encoding="UTF-8"?>
<!-- Generated by org.testng.reporters.JUnitXMLReporter -->
<testsuite hostname="LAPTOP-A5GJABUP" ignored="0" name="Chrome Test" tests="1" failures="0" timestamp="2020-01-23T00:54:42 CET" time="3.974" errors="0">
  <testcase name="@BeforeMethod setUp" time="3.909" classname="FirstClassSelenium.FirstClassSelenium.SeleniumGridTest">
    <failure type="org.openqa.selenium.SessionNotCreatedException" message="session not created: This version of ChromeDriver only supports Chrome version 75
Build info: version: &amp;apos;3.141.59&amp;apos;, revision: &amp;apos;e82be7d358&amp;apos;, time: &amp;apos;2018-11-14T08:25:53&amp;apos;
System info: host: &amp;apos;LAPTOP-A5GJABUP&amp;apos;, ip: &amp;apos;192.168.2.5&amp;apos;, os.name: &amp;apos;Windows 10&amp;apos;, os.arch: &amp;apos;amd64&amp;apos;, os.version: &amp;apos;10.0&amp;apos;, java.version: &amp;apos;1.8.0_212&amp;apos;
Driver info: driver.version: unknown
remote stacktrace: Backtrace:
	Ordinal0 [0x013B1B23+1448739]
	Ordinal0 [0x01335A11+940561]
	Ordinal0 [0x012C2293+467603]
	Ordinal0 [0x0125F27E+62078]
	Ordinal0 [0x0125BBBD+48061]
	Ordinal0 [0x01278D19+167193]
	Ordinal0 [0x012788ED+166125]
	Ordinal0 [0x01276FFB+159739]
	Ordinal0 [0x012609F6+68086]
	Ordinal0 [0x01261990+72080]
	Ordinal0 [0x01261929+71977]
	GetHandleVerifier [0x014F2E4C+1172140]
	GetHandleVerifier [0x0144FE35+504469]
	GetHandleVerifier [0x0144FBD0+503856]
	Ordinal0 [0x013BC9A8+1493416]
	GetHandleVerifier [0x0145060A+506474]
	Ordinal0 [0x01347136+1012022]
	Ordinal0 [0x01346FAF+1011631]
	Ordinal0 [0x0135133B+1053499]
	Ordinal0 [0x013514A3+1053859]
	Ordinal0 [0x013504D5+1049813]
	BaseThreadInitThunk [0x75BE0419+25]
	RtlGetAppContainerNamedObjectPath [0x771D662D+237]
	RtlGetAppContainerNamedObjectPath [0x771D65FD+189]

Command duration or timeout: 1.34 seconds">
      <![CDATA[org.openqa.selenium.SessionNotCreatedException: session not created: This version of ChromeDriver only supports Chrome version 75
Build info: version: '3.141.59', revision: 'e82be7d358', time: '2018-11-14T08:25:53'
System info: host: 'LAPTOP-A5GJABUP', ip: '192.168.2.5', os.name: 'Windows 10', os.arch: 'amd64', os.version: '10.0', java.version: '1.8.0_212'
Driver info: driver.version: unknown
remote stacktrace: Backtrace:
Ordinal0 [0x013B1B23+1448739]
Ordinal0 [0x01335A11+940561]
Ordinal0 [0x012C2293+467603]
Ordinal0 [0x0125F27E+62078]
Ordinal0 [0x0125BBBD+48061]
Ordinal0 [0x01278D19+167193]
Ordinal0 [0x012788ED+166125]
Ordinal0 [0x01276FFB+159739]
Ordinal0 [0x012609F6+68086]
Ordinal0 [0x01261990+72080]
Ordinal0 [0x01261929+71977]
GetHandleVerifier [0x014F2E4C+1172140]
GetHandleVerifier [0x0144FE35+504469]
GetHandleVerifier [0x0144FBD0+503856]
Ordinal0 [0x013BC9A8+1493416]
GetHandleVerifier [0x0145060A+506474]
Ordinal0 [0x01347136+1012022]
Ordinal0 [0x01346FAF+1011631]
Ordinal0 [0x0135133B+1053499]
Ordinal0 [0x013514A3+1053859]
Ordinal0 [0x013504D5+1049813]
BaseThreadInitThunk [0x75BE0419+25]
RtlGetAppContainerNamedObjectPath [0x771D662D+237]
RtlGetAppContainerNamedObjectPath [0x771D65FD+189]

Command duration or timeout: 1.34 seconds
at org.openqa.selenium.remote.ErrorHandler.createThrowable(ErrorHandler.java:215)
at org.openqa.selenium.remote.ErrorHandler.throwIfResponseFailed(ErrorHandler.java:167)
at org.openqa.selenium.remote.JsonWireProtocolResponse.lambda$new$0(JsonWireProtocolResponse.java:53)
at org.openqa.selenium.remote.JsonWireProtocolResponse.lambda$getResponseFunction$2(JsonWireProtocolResponse.java:91)
at org.openqa.selenium.remote.ProtocolHandshake.lambda$createSession$22(ProtocolHandshake.java:365)
at java.util.stream.ReferencePipeline$3$1.accept(ReferencePipeline.java:193)
at java.util.Spliterators$ArraySpliterator.tryAdvance(Spliterators.java:958)
at java.util.stream.ReferencePipeline.forEachWithCancel(ReferencePipeline.java:126)
at java.util.stream.AbstractPipeline.copyIntoWithCancel(AbstractPipeline.java:498)
at java.util.stream.AbstractPipeline.copyInto(AbstractPipeline.java:485)
at java.util.stream.AbstractPipeline.wrapAndCopyInto(AbstractPipeline.java:471)
at java.util.stream.FindOps$FindOp.evaluateSequential(FindOps.java:152)
at java.util.stream.AbstractPipeline.evaluate(AbstractPipeline.java:234)
at java.util.stream.ReferencePipeline.findFirst(ReferencePipeline.java:464)
at org.openqa.selenium.remote.ProtocolHandshake.createSession(ProtocolHandshake.java:368)
at org.openqa.selenium.remote.ProtocolHandshake.createSession(ProtocolHandshake.java:159)
at org.openqa.selenium.remote.HttpCommandExecutor.execute(HttpCommandExecutor.java:142)
at org.openqa.selenium.remote.RemoteWebDriver.execute(RemoteWebDriver.java:637)
at org.openqa.selenium.remote.RemoteWebDriver.startSession(RemoteWebDriver.java:250)
at org.openqa.selenium.remote.RemoteWebDriver.startSession(RemoteWebDriver.java:236)
at org.openqa.selenium.remote.RemoteWebDriver.<init>(RemoteWebDriver.java:137)
at org.openqa.selenium.remote.RemoteWebDriver.<init>(RemoteWebDriver.java:174)
at FirstClassSelenium.FirstClassSelenium.SeleniumGridTest.setUp(SeleniumGridTest.java:59)
at java.util.ArrayList.forEach(ArrayList.java:1257)
Caused by: org.openqa.selenium.SessionNotCreatedException: session not created: This version of ChromeDriver only supports Chrome version 75
Build info: version: '3.141.59', revision: 'e82be7d358', time: '2018-11-14T08:25:53'
System info: host: 'LAPTOP-A5GJABUP', ip: '192.168.2.5', os.name: 'Windows 10', os.arch: 'amd64', os.version: '10.0', java.version: '1.8.0_212'
Driver info: driver.version: unknown
remote stacktrace: Backtrace:
Ordinal0 [0x013B1B23+1448739]
Ordinal0 [0x01335A11+940561]
Ordinal0 [0x012C2293+467603]
Ordinal0 [0x0125F27E+62078]
Ordinal0 [0x0125BBBD+48061]
Ordinal0 [0x01278D19+167193]
Ordinal0 [0x012788ED+166125]
Ordinal0 [0x01276FFB+159739]
Ordinal0 [0x012609F6+68086]
Ordinal0 [0x01261990+72080]
Ordinal0 [0x01261929+71977]
GetHandleVerifier [0x014F2E4C+1172140]
GetHandleVerifier [0x0144FE35+504469]
GetHandleVerifier [0x0144FBD0+503856]
Ordinal0 [0x013BC9A8+1493416]
GetHandleVerifier [0x0145060A+506474]
Ordinal0 [0x01347136+1012022]
Ordinal0 [0x01346FAF+1011631]
Ordinal0 [0x0135133B+1053499]
Ordinal0 [0x013514A3+1053859]
Ordinal0 [0x013504D5+1049813]
BaseThreadInitThunk [0x75BE0419+25]
RtlGetAppContainerNamedObjectPath [0x771D662D+237]
RtlGetAppContainerNamedObjectPath [0x771D65FD+189]

Build info: version: '3.4.0', revision: 'unknown', time: 'unknown'
System info: host: 'LAPTOP-A5GJABUP', ip: '192.168.2.5', os.name: 'Windows 10', os.arch: 'amd64', os.version: '10.0', java.version: '1.8.0_212'
Driver info: driver.version: unknown
at org.openqa.selenium.remote.W3CHandshakeResponse.lambda$errorHandler$0(W3CHandshakeResponse.java:62)
at org.openqa.selenium.remote.HandshakeResponse.lambda$getResponseFunction$0(HandshakeResponse.java:30)
at org.openqa.selenium.remote.ProtocolHandshake.lambda$createSession$0(ProtocolHandshake.java:126)
at java.util.stream.ReferencePipeline$3$1.accept(Unknown Source)
at java.util.Spliterators$ArraySpliterator.tryAdvance(Unknown Source)
at java.util.stream.ReferencePipeline.forEachWithCancel(Unknown Source)
at java.util.stream.AbstractPipeline.copyIntoWithCancel(Unknown Source)
at java.util.stream.AbstractPipeline.copyInto(Unknown Source)
at java.util.stream.AbstractPipeline.wrapAndCopyInto(Unknown Source)
at java.util.stream.FindOps$FindOp.evaluateSequential(Unknown Source)
at java.util.stream.AbstractPipeline.evaluate(Unknown Source)
at java.util.stream.ReferencePipeline.findFirst(Unknown Source)
at org.openqa.selenium.remote.ProtocolHandshake.createSession(ProtocolHandshake.java:128)
at org.openqa.selenium.remote.ProtocolHandshake.createSession(ProtocolHandshake.java:74)
at org.openqa.selenium.grid.session.remote.RemoteSession$Factory.performHandshake(RemoteSession.java:147)
at org.openqa.selenium.grid.session.remote.ServicedSession$Factory.apply(ServicedSession.java:161)
at org.openqa.selenium.remote.server.ActiveSessionFactory.lambda$apply$12(ActiveSessionFactory.java:180)
at java.util.stream.ReferencePipeline$3$1.accept(Unknown Source)
at java.util.stream.ReferencePipeline$11$1.accept(Unknown Source)
at java.util.stream.ReferencePipeline$2$1.accept(Unknown Source)
at java.util.Spliterators$ArraySpliterator.tryAdvance(Unknown Source)
at java.util.stream.ReferencePipeline.forEachWithCancel(Unknown Source)
at java.util.stream.AbstractPipeline.copyIntoWithCancel(Unknown Source)
at java.util.stream.AbstractPipeline.copyInto(Unknown Source)
at java.util.stream.AbstractPipeline.wrapAndCopyInto(Unknown Source)
at java.util.stream.FindOps$FindOp.evaluateSequential(Unknown Source)
at java.util.stream.AbstractPipeline.evaluate(Unknown Source)
at java.util.stream.ReferencePipeline.findFirst(Unknown Source)
at org.openqa.selenium.remote.server.ActiveSessionFactory.apply(ActiveSessionFactory.java:183)
at org.openqa.selenium.remote.server.NewSessionPipeline.lambda$null$2(NewSessionPipeline.java:66)
at java.util.stream.ReferencePipeline$3$1.accept(Unknown Source)
at java.util.stream.ReferencePipeline$2$1.accept(Unknown Source)
at java.util.Collections$2.tryAdvance(Unknown Source)
at java.util.stream.ReferencePipeline.forEachWithCancel(Unknown Source)
at java.util.stream.AbstractPipeline.copyIntoWithCancel(Unknown Source)
at java.util.stream.AbstractPipeline.copyInto(Unknown Source)
at java.util.stream.AbstractPipeline.wrapAndCopyInto(Unknown Source)
at java.util.stream.FindOps$FindOp.evaluateSequential(Unknown Source)
at java.util.stream.AbstractPipeline.evaluate(Unknown Source)
at java.util.stream.ReferencePipeline.findFirst(Unknown Source)
at org.openqa.selenium.remote.server.NewSessionPipeline.lambda$createNewSession$3(NewSessionPipeline.java:69)
at java.util.stream.ReferencePipeline$3$1.accept(Unknown Source)
at java.util.stream.ReferencePipeline$3$1.accept(Unknown Source)
at java.util.stream.ReferencePipeline$3$1.accept(Unknown Source)
at java.util.stream.DistinctOps$1$2.accept(Unknown Source)
at java.util.stream.ReferencePipeline$2$1.accept(Unknown Source)
at java.util.stream.ReferencePipeline$3$1.accept(Unknown Source)
at java.util.stream.ReferencePipeline$2$1.accept(Unknown Source)
at java.util.stream.Streams$StreamBuilderImpl.tryAdvance(Unknown Source)
at java.util.stream.Streams$ConcatSpliterator.tryAdvance(Unknown Source)
at java.util.stream.ReferencePipeline.forEachWithCancel(Unknown Source)
at java.util.stream.AbstractPipeline.copyIntoWithCancel(Unknown Source)
at java.util.stream.AbstractPipeline.copyInto(Unknown Source)
at java.util.stream.AbstractPipeline.wrapAndCopyInto(Unknown Source)
at java.util.stream.FindOps$FindOp.evaluateSequential(Unknown Source)
at java.util.stream.AbstractPipeline.evaluate(Unknown Source)
at java.util.stream.ReferencePipeline.findFirst(Unknown Source)
at org.openqa.selenium.remote.server.NewSessionPipeline.createNewSession(NewSessionPipeline.java:72)
at org.openqa.selenium.remote.server.commandhandler.BeginSession.execute(BeginSession.java:65)
at org.openqa.selenium.remote.server.WebDriverServlet.lambda$handle$0(WebDriverServlet.java:235)
at java.util.concurrent.Executors$RunnableAdapter.call(Unknown Source)
at java.util.concurrent.FutureTask.run(Unknown Source)
at java.util.concurrent.ThreadPoolExecutor.runWorker(Unknown Source)
at java.util.concurrent.ThreadPoolExecutor$Worker.run(Unknown Source)
at java.lang.Thread.run(Unknown Source)
... Removed 39 stack frames]]>
    </failure>
  </testcase> <!-- @BeforeMethod setUp -->
  <testcase name="testApp" time="0.0" classname="FirstClassSelenium.FirstClassSelenium.SeleniumGridTest">
    <skipped/>
  </testcase> <!-- testApp -->
</testsuite> <!-- Chrome Test -->
