<?xml version="1.0" encoding="UTF-8"?>
<!-- Generated by org.testng.reporters.JUnitXMLReporter -->
<testsuite hostname="LAPTOP-A5GJABUP" ignored="0" name="Test1" tests="4" failures="0" timestamp="17 Oct 2019 20:27:55 GMT" time="0.1" errors="0">
  <testcase name="LoginFunctionality" time="0.011" classname="RegressionTestPackage.RegComponent1.RegressionTCs"/>
  <testcase name="CreateCustomer" time="0.014" classname="RegressionTestPackage.RegComponent1.RegressionTCs"/>
  <testcase name="AddDetaisofExistingCustomer" time="0.001" classname="RegressionTestPackage.RegComponent1.RegressionTCs"/>
  <testcase name="CustomerSearch" time="0.002" classname="RegressionTestPackage.RegComponent1.RegressionTCs"/>
</testsuite> <!-- Test1 -->
