<?xml version="1.0" encoding="UTF-8"?>
<testsuite xmlns:xsi="http://www.w3.org/2001/XMLSchema-instance" xsi:noNamespaceSchemaLocation="https://maven.apache.org/surefire/maven-surefire-plugin/xsd/surefire-test-report.xsd" name="TestSuite" time="80.497" tests="12" errors="0" skipped="0" failures="0">
  <properties>
[...]
</properties>
  <testcase name="tc_01_testLoginWithValidCredentials" classname="com.org.tests.LoginTest" time="1.439"/>
  <testcase name="tc_02_testLoginWithInValidCredentials" classname="com.org.tests.LoginTest" time="0.721"/>
  <testcase name="tc_02_testLoginWithInValidCredentials" classname="com.org.tests.LoginTest" time="1.056"/>
  <testcase name="tc_02_testLoginWithInValidCredentials" classname="com.org.tests.LoginTest" time="0.782"/>
  <testcase name="tc_02_testLoginWithInValidCredentials" classname="com.org.tests.LoginTest" time="0.587"/>
  <testcase name="tc_02_testLoginWithInValidCredentials" classname="com.org.tests.LoginTest" time="0.576"/>
  <testcase name="tc_02_testLoginWithInValidCredentials" classname="com.org.tests.LoginTest" time="0.565"/>
  <testcase name="tc_03_testForgotPasswordLink" classname="com.org.tests.LoginTest" time="0.814"/>
  <testcase name="tc_04_testRegistrationLink" classname="com.org.tests.LoginTest" time="0.737"/>
  <testcase name="tc_05_testLogout" classname="com.org.tests.LoginTest" time="1.355"/>
  <testcase name="tc_06_testHomeTab" classname="com.org.tests.LoginTest" time="1.695"/>
  <testcase name="tc_07_testLogoNavigation" classname="com.org.tests.LoginTest" time="1.454"/>
</testsuite>