<?xml version="1.0" encoding="UTF-8"?>
<testng-results skipped="0" failed="0" ignored="62" total="74" passed="12">
  <reporter-output>
  </reporter-output>
  <suite name="Surefire suite" duration-ms="79341" started-at="2019-08-25T23:32:53Z" finished-at="2019-08-25T23:34:12Z">
    <groups>
      <group name="login">
        <method signature="LoginTest.tc_01_testLoginWithValidCredentials()[pri:0, instance:com.org.tests.LoginTest@26653222]" name="tc_01_testLoginWithValidCredentials" class="com.org.tests.LoginTest"/>
        <method signature="LoginTest.tc_02_testLoginWithInValidCredentials(java.lang.String, java.lang.String)[pri:0, instance:com.org.tests.LoginTest@26653222]" name="tc_02_testLoginWithInValidCredentials" class="com.org.tests.LoginTest"/>
        <method signature="LoginTest.tc_03_testForgotPasswordLink()[pri:0, instance:com.org.tests.LoginTest@26653222]" name="tc_03_testForgotPasswordLink" class="com.org.tests.LoginTest"/>
        <method signature="LoginTest.tc_04_testRegistrationLink()[pri:0, instance:com.org.tests.LoginTest@26653222]" name="tc_04_testRegistrationLink" class="com.org.tests.LoginTest"/>
        <method signature="LoginTest.tc_05_testLogout()[pri:0, instance:com.org.tests.LoginTest@26653222]" name="tc_05_testLogout" class="com.org.tests.LoginTest"/>
        <method signature="LoginTest.tc_06_testHomeTab()[pri:0, instance:com.org.tests.LoginTest@26653222]" name="tc_06_testHomeTab" class="com.org.tests.LoginTest"/>
        <method signature="LoginTest.tc_07_testLogoNavigation()[pri:0, instance:com.org.tests.LoginTest@26653222]" name="tc_07_testLogoNavigation" class="com.org.tests.LoginTest"/>
      </group> <!-- login -->
    </groups>
    <test name="Surefire test" duration-ms="79341" started-at="2019-08-25T23:32:53Z" finished-at="2019-08-25T23:34:12Z">
      <class name="com.org.tests.LoginTest">
        <test-method status="PASS" signature="setUp()[pri:0, instance:com.org.tests.LoginTest@26653222]" name="setUp" is-config="true" duration-ms="6152" started-at="2019-08-25T23:32:53Z" finished-at="2019-08-25T23:32:59Z">
          <reporter-output>
          </reporter-output>
        </test-method> <!-- setUp -->
        <test-method status="PASS" signature="tc_01_testLoginWithValidCredentials()[pri:0, instance:com.org.tests.LoginTest@26653222]" name="tc_01_testLoginWithValidCredentials" duration-ms="1437" started-at="2019-08-25T23:32:59Z" finished-at="2019-08-25T23:33:00Z">
          <reporter-output>
          </reporter-output>
        </test-method> <!-- tc_01_testLoginWithValidCredentials -->
        <test-method status="PASS" signature="teardown(org.testng.ITestResult)[pri:0, instance:com.org.tests.LoginTest@26653222]" name="teardown" is-config="true" duration-ms="884" started-at="2019-08-25T23:33:00Z" finished-at="2019-08-25T23:33:01Z">
          <params>
            <param index="0">
              <value>
                <![CDATA[[TestResult name=tc_01_testLoginWithValidCredentials status=SUCCESS method=LoginTest.tc_01_testLoginWithValidCredentials()[pri:0, instance:com.org.tests.LoginTest@26653222] output={null}]]]>
              </value>
            </param>
          </params>
          <reporter-output>
          </reporter-output>
        </test-method> <!-- teardown -->
        <test-method status="PASS" signature="setUp()[pri:0, instance:com.org.tests.LoginTest@26653222]" name="setUp" is-config="true" duration-ms="4450" started-at="2019-08-25T23:33:01Z" finished-at="2019-08-25T23:33:06Z">
          <reporter-output>
          </reporter-output>
        </test-method> <!-- setUp -->
        <test-method status="PASS" signature="tc_02_testLoginWithInValidCredentials(java.lang.String, java.lang.String)[pri:0, instance:com.org.tests.LoginTest@26653222]" name="tc_02_testLoginWithInValidCredentials" duration-ms="720" started-at="2019-08-25T23:33:06Z" data-provider="invalidCredentials" finished-at="2019-08-25T23:33:06Z">
          <params>
            <param index="0">
              <value>
                <![CDATA[!nv@lid]]>
              </value>
            </param>
            <param index="1">
              <value>
                <![CDATA[INVALID]]>
              </value>
            </param>
          </params>
          <reporter-output>
          </reporter-output>
        </test-method> <!-- tc_02_testLoginWithInValidCredentials -->
        <test-method status="PASS" signature="teardown(org.testng.ITestResult)[pri:0, instance:com.org.tests.LoginTest@26653222]" name="teardown" is-config="true" duration-ms="875" started-at="2019-08-25T23:33:06Z" finished-at="2019-08-25T23:33:07Z">
          <params>
            <param index="0">
              <value>
                <![CDATA[[TestResult name=tc_02_testLoginWithInValidCredentials status=SUCCESS method=LoginTest.tc_02_testLoginWithInValidCredentials(java.lang.String, java.lang.String)[pri:0, instance:com.org.tests.LoginTest@26653222] output={null}]]]>
              </value>
            </param>
          </params>
          <reporter-output>
          </reporter-output>
        </test-method> <!-- teardown -->
        <test-method status="PASS" signature="setUp()[pri:0, instance:com.org.tests.LoginTest@26653222]" name="setUp" is-config="true" duration-ms="4972" started-at="2019-08-25T23:33:07Z" finished-at="2019-08-25T23:33:12Z">
          <reporter-output>
          </reporter-output>
        </test-method> <!-- setUp -->
        <test-method status="PASS" signature="tc_02_testLoginWithInValidCredentials(java.lang.String, java.lang.String)[pri:0, instance:com.org.tests.LoginTest@26653222]" name="tc_02_testLoginWithInValidCredentials" duration-ms="1056" started-at="2019-08-25T23:33:12Z" data-provider="invalidCredentials" finished-at="2019-08-25T23:33:13Z">
          <params>
            <param index="0">
              <value>
                <![CDATA[admin]]>
              </value>
            </param>
            <param index="1">
              <value>
                <![CDATA[INVALID]]>
              </value>
            </param>
          </params>
          <reporter-output>
          </reporter-output>
        </test-method> <!-- tc_02_testLoginWithInValidCredentials -->
        <test-method status="PASS" signature="teardown(org.testng.ITestResult)[pri:0, instance:com.org.tests.LoginTest@26653222]" name="teardown" is-config="true" duration-ms="1023" started-at="2019-08-25T23:33:13Z" finished-at="2019-08-25T23:33:14Z">
          <params>
            <param index="0">
              <value>
                <![CDATA[[TestResult name=tc_02_testLoginWithInValidCredentials status=SUCCESS method=LoginTest.tc_02_testLoginWithInValidCredentials(java.lang.String, java.lang.String)[pri:0, instance:com.org.tests.LoginTest@26653222] output={null}]]]>
              </value>
            </param>
          </params>
          <reporter-output>
          </reporter-output>
        </test-method> <!-- teardown -->
        <test-method status="PASS" signature="setUp()[pri:0, instance:com.org.tests.LoginTest@26653222]" name="setUp" is-config="true" duration-ms="4622" started-at="2019-08-25T23:33:14Z" finished-at="2019-08-25T23:33:19Z">
          <reporter-output>
          </reporter-output>
        </test-method> <!-- setUp -->
        <test-method status="PASS" signature="tc_02_testLoginWithInValidCredentials(java.lang.String, java.lang.String)[pri:0, instance:com.org.tests.LoginTest@26653222]" name="tc_02_testLoginWithInValidCredentials" duration-ms="783" started-at="2019-08-25T23:33:19Z" data-provider="invalidCredentials" finished-at="2019-08-25T23:33:20Z">
          <params>
            <param index="0">
              <value>
                <![CDATA[INVALID]]>
              </value>
            </param>
            <param index="1">
              <value>
                <![CDATA[admin]]>
              </value>
            </param>
          </params>
          <reporter-output>
          </reporter-output>
        </test-method> <!-- tc_02_testLoginWithInValidCredentials -->
        <test-method status="PASS" signature="teardown(org.testng.ITestResult)[pri:0, instance:com.org.tests.LoginTest@26653222]" name="teardown" is-config="true" duration-ms="966" started-at="2019-08-25T23:33:20Z" finished-at="2019-08-25T23:33:21Z">
          <params>
            <param index="0">
              <value>
                <![CDATA[[TestResult name=tc_02_testLoginWithInValidCredentials status=SUCCESS method=LoginTest.tc_02_testLoginWithInValidCredentials(java.lang.String, java.lang.String)[pri:0, instance:com.org.tests.LoginTest@26653222] output={null}]]]>
              </value>
            </param>
          </params>
          <reporter-output>
          </reporter-output>
        </test-method> <!-- teardown -->
        <test-method status="PASS" signature="setUp()[pri:0, instance:com.org.tests.LoginTest@26653222]" name="setUp" is-config="true" duration-ms="4211" started-at="2019-08-25T23:33:21Z" finished-at="2019-08-25T23:33:25Z">
          <reporter-output>
          </reporter-output>
        </test-method> <!-- setUp -->
        <test-method status="PASS" signature="tc_02_testLoginWithInValidCredentials(java.lang.String, java.lang.String)[pri:0, instance:com.org.tests.LoginTest@26653222]" name="tc_02_testLoginWithInValidCredentials" duration-ms="586" started-at="2019-08-25T23:33:25Z" data-provider="invalidCredentials" finished-at="2019-08-25T23:33:25Z">
          <params>
            <param index="0">
              <value>
                <![CDATA[]]>
              </value>
            </param>
            <param index="1">
              <value>
                <![CDATA[]]>
              </value>
            </param>
          </params>
          <reporter-output>
          </reporter-output>
        </test-method> <!-- tc_02_testLoginWithInValidCredentials -->
        <test-method status="PASS" signature="teardown(org.testng.ITestResult)[pri:0, instance:com.org.tests.LoginTest@26653222]" name="teardown" is-config="true" duration-ms="899" started-at="2019-08-25T23:33:25Z" finished-at="2019-08-25T23:33:26Z">
          <params>
            <param index="0">
              <value>
                <![CDATA[[TestResult name=tc_02_testLoginWithInValidCredentials status=SUCCESS method=LoginTest.tc_02_testLoginWithInValidCredentials(java.lang.String, java.lang.String)[pri:0, instance:com.org.tests.LoginTest@26653222] output={null}]]]>
              </value>
            </param>
          </params>
          <reporter-output>
          </reporter-output>
        </test-method> <!-- teardown -->
        <test-method status="PASS" signature="setUp()[pri:0, instance:com.org.tests.LoginTest@26653222]" name="setUp" is-config="true" duration-ms="4333" started-at="2019-08-25T23:33:26Z" finished-at="2019-08-25T23:33:31Z">
          <reporter-output>
          </reporter-output>
        </test-method> <!-- setUp -->
        <test-method status="PASS" signature="tc_02_testLoginWithInValidCredentials(java.lang.String, java.lang.String)[pri:0, instance:com.org.tests.LoginTest@26653222]" name="tc_02_testLoginWithInValidCredentials" duration-ms="577" started-at="2019-08-25T23:33:31Z" data-provider="invalidCredentials" finished-at="2019-08-25T23:33:31Z">
          <params>
            <param index="0">
              <value>
                <![CDATA[admin]]>
              </value>
            </param>
            <param index="1">
              <value>
                <![CDATA[]]>
              </value>
            </param>
          </params>
          <reporter-output>
          </reporter-output>
        </test-method> <!-- tc_02_testLoginWithInValidCredentials -->
        <test-method status="PASS" signature="teardown(org.testng.ITestResult)[pri:0, instance:com.org.tests.LoginTest@26653222]" name="teardown" is-config="true" duration-ms="1057" started-at="2019-08-25T23:33:31Z" finished-at="2019-08-25T23:33:32Z">
          <params>
            <param index="0">
              <value>
                <![CDATA[[TestResult name=tc_02_testLoginWithInValidCredentials status=SUCCESS method=LoginTest.tc_02_testLoginWithInValidCredentials(java.lang.String, java.lang.String)[pri:0, instance:com.org.tests.LoginTest@26653222] output={null}]]]>
              </value>
            </param>
          </params>
          <reporter-output>
          </reporter-output>
        </test-method> <!-- teardown -->
        <test-method status="PASS" signature="setUp()[pri:0, instance:com.org.tests.LoginTest@26653222]" name="setUp" is-config="true" duration-ms="4598" started-at="2019-08-25T23:33:32Z" finished-at="2019-08-25T23:33:37Z">
          <reporter-output>
          </reporter-output>
        </test-method> <!-- setUp -->
        <test-method status="PASS" signature="tc_02_testLoginWithInValidCredentials(java.lang.String, java.lang.String)[pri:0, instance:com.org.tests.LoginTest@26653222]" name="tc_02_testLoginWithInValidCredentials" duration-ms="564" started-at="2019-08-25T23:33:37Z" data-provider="invalidCredentials" finished-at="2019-08-25T23:33:37Z">
          <params>
            <param index="0">
              <value>
                <![CDATA[]]>
              </value>
            </param>
            <param index="1">
              <value>
                <![CDATA[admin]]>
              </value>
            </param>
          </params>
          <reporter-output>
          </reporter-output>
        </test-method> <!-- tc_02_testLoginWithInValidCredentials -->
        <test-method status="PASS" signature="teardown(org.testng.ITestResult)[pri:0, instance:com.org.tests.LoginTest@26653222]" name="teardown" is-config="true" duration-ms="844" started-at="2019-08-25T23:33:37Z" finished-at="2019-08-25T23:33:38Z">
          <params>
            <param index="0">
              <value>
                <![CDATA[[TestResult name=tc_02_testLoginWithInValidCredentials status=SUCCESS method=LoginTest.tc_02_testLoginWithInValidCredentials(java.lang.String, java.lang.String)[pri:0, instance:com.org.tests.LoginTest@26653222] output={null}]]]>
              </value>
            </param>
          </params>
          <reporter-output>
          </reporter-output>
        </test-method> <!-- teardown -->
        <test-method status="PASS" signature="setUp()[pri:0, instance:com.org.tests.LoginTest@26653222]" name="setUp" is-config="true" duration-ms="4611" started-at="2019-08-25T23:33:38Z" finished-at="2019-08-25T23:33:43Z">
          <reporter-output>
          </reporter-output>
        </test-method> <!-- setUp -->
        <test-method status="PASS" signature="tc_03_testForgotPasswordLink()[pri:0, instance:com.org.tests.LoginTest@26653222]" name="tc_03_testForgotPasswordLink" duration-ms="810" started-at="2019-08-25T23:33:43Z" finished-at="2019-08-25T23:33:44Z">
          <reporter-output>
          </reporter-output>
        </test-method> <!-- tc_03_testForgotPasswordLink -->
        <test-method status="PASS" signature="teardown(org.testng.ITestResult)[pri:0, instance:com.org.tests.LoginTest@26653222]" name="teardown" is-config="true" duration-ms="1059" started-at="2019-08-25T23:33:44Z" finished-at="2019-08-25T23:33:45Z">
          <params>
            <param index="0">
              <value>
                <![CDATA[[TestResult name=tc_03_testForgotPasswordLink status=SUCCESS method=LoginTest.tc_03_testForgotPasswordLink()[pri:0, instance:com.org.tests.LoginTest@26653222] output={null}]]]>
              </value>
            </param>
          </params>
          <reporter-output>
          </reporter-output>
        </test-method> <!-- teardown -->
        <test-method status="PASS" signature="setUp()[pri:0, instance:com.org.tests.LoginTest@26653222]" name="setUp" is-config="true" duration-ms="4509" started-at="2019-08-25T23:33:45Z" finished-at="2019-08-25T23:33:49Z">
          <reporter-output>
          </reporter-output>
        </test-method> <!-- setUp -->
        <test-method status="PASS" signature="tc_04_testRegistrationLink()[pri:0, instance:com.org.tests.LoginTest@26653222]" name="tc_04_testRegistrationLink" duration-ms="717" started-at="2019-08-25T23:33:49Z" finished-at="2019-08-25T23:33:50Z">
          <reporter-output>
          </reporter-output>
        </test-method> <!-- tc_04_testRegistrationLink -->
        <test-method status="PASS" signature="teardown(org.testng.ITestResult)[pri:0, instance:com.org.tests.LoginTest@26653222]" name="teardown" is-config="true" duration-ms="815" started-at="2019-08-25T23:33:50Z" finished-at="2019-08-25T23:33:51Z">
          <params>
            <param index="0">
              <value>
                <![CDATA[[TestResult name=tc_04_testRegistrationLink status=SUCCESS method=LoginTest.tc_04_testRegistrationLink()[pri:0, instance:com.org.tests.LoginTest@26653222] output={null}]]]>
              </value>
            </param>
          </params>
          <reporter-output>
          </reporter-output>
        </test-method> <!-- teardown -->
        <test-method status="PASS" signature="setUp()[pri:0, instance:com.org.tests.LoginTest@26653222]" name="setUp" is-config="true" duration-ms="4481" started-at="2019-08-25T23:33:51Z" finished-at="2019-08-25T23:33:55Z">
          <reporter-output>
          </reporter-output>
        </test-method> <!-- setUp -->
        <test-method status="PASS" signature="tc_05_testLogout()[pri:0, instance:com.org.tests.LoginTest@26653222]" name="tc_05_testLogout" duration-ms="1345" started-at="2019-08-25T23:33:55Z" finished-at="2019-08-25T23:33:57Z">
          <reporter-output>
          </reporter-output>
        </test-method> <!-- tc_05_testLogout -->
        <test-method status="PASS" signature="teardown(org.testng.ITestResult)[pri:0, instance:com.org.tests.LoginTest@26653222]" name="teardown" is-config="true" duration-ms="864" started-at="2019-08-25T23:33:57Z" finished-at="2019-08-25T23:33:58Z">
          <params>
            <param index="0">
              <value>
                <![CDATA[[TestResult name=tc_05_testLogout status=SUCCESS method=LoginTest.tc_05_testLogout()[pri:0, instance:com.org.tests.LoginTest@26653222] output={null}]]]>
              </value>
            </param>
          </params>
          <reporter-output>
          </reporter-output>
        </test-method> <!-- teardown -->
        <test-method status="PASS" signature="setUp()[pri:0, instance:com.org.tests.LoginTest@26653222]" name="setUp" is-config="true" duration-ms="5205" started-at="2019-08-25T23:33:58Z" finished-at="2019-08-25T23:34:03Z">
          <reporter-output>
          </reporter-output>
        </test-method> <!-- setUp -->
        <test-method status="PASS" signature="tc_06_testHomeTab()[pri:0, instance:com.org.tests.LoginTest@26653222]" name="tc_06_testHomeTab" duration-ms="1694" started-at="2019-08-25T23:34:03Z" finished-at="2019-08-25T23:34:04Z">
          <reporter-output>
          </reporter-output>
        </test-method> <!-- tc_06_testHomeTab -->
        <test-method status="PASS" signature="teardown(org.testng.ITestResult)[pri:0, instance:com.org.tests.LoginTest@26653222]" name="teardown" is-config="true" duration-ms="816" started-at="2019-08-25T23:34:04Z" finished-at="2019-08-25T23:34:05Z">
          <params>
            <param index="0">
              <value>
                <![CDATA[[TestResult name=tc_06_testHomeTab status=SUCCESS method=LoginTest.tc_06_testHomeTab()[pri:0, instance:com.org.tests.LoginTest@26653222] output={null}]]]>
              </value>
            </param>
          </params>
          <reporter-output>
          </reporter-output>
        </test-method> <!-- teardown -->
        <test-method status="PASS" signature="setUp()[pri:0, instance:com.org.tests.LoginTest@26653222]" name="setUp" is-config="true" duration-ms="4326" started-at="2019-08-25T23:34:05Z" finished-at="2019-08-25T23:34:10Z">
          <reporter-output>
          </reporter-output>
        </test-method> <!-- setUp -->
        <test-method status="PASS" signature="tc_07_testLogoNavigation()[pri:0, instance:com.org.tests.LoginTest@26653222]" name="tc_07_testLogoNavigation" duration-ms="1453" started-at="2019-08-25T23:34:10Z" finished-at="2019-08-25T23:34:11Z">
          <reporter-output>
          </reporter-output>
        </test-method> <!-- tc_07_testLogoNavigation -->
        <test-method status="PASS" signature="teardown(org.testng.ITestResult)[pri:0, instance:com.org.tests.LoginTest@26653222]" name="teardown" is-config="true" duration-ms="985" started-at="2019-08-25T23:34:11Z" finished-at="2019-08-25T23:34:12Z">
          <params>
            <param index="0">
              <value>
                <![CDATA[[TestResult name=tc_07_testLogoNavigation status=SUCCESS method=LoginTest.tc_07_testLogoNavigation()[pri:0, instance:com.org.tests.LoginTest@26653222] output={null}]]]>
              </value>
            </param>
          </params>
          <reporter-output>
          </reporter-output>
        </test-method> <!-- teardown -->
      </class> <!-- com.org.tests.LoginTest -->
    </test> <!-- Surefire test -->
  </suite> <!-- Surefire suite -->
</testng-results>
